find_header: checking for sqlite3.h... -------------------- yes

"/usr/local/bin/gcc-4.2 -o conftest -I/Users/oogomx_1707/.rvm/rubies/ruby-1.9.3-head/include/ruby-1.9.1/x86_64-darwin11.4.2 -I/Users/oogomx_1707/.rvm/rubies/ruby-1.9.3-head/include/ruby-1.9.1/ruby/backward -I/Users/oogomx_1707/.rvm/rubies/ruby-1.9.3-head/include/ruby-1.9.1 -I. -D_XOPEN_SOURCE -D_DARWIN_C_SOURCE   -I/usr/local/opt/libyaml/include -O3 -I/usr/local/opt/readline/include -I/usr/local/opt/libxml2/include -I/usr/local/opt/libxslt/include -I/usr/local/opt/libksba/include -I/usr/local/opt/openssl/include -I/usr/local/opt/sqlite/include -fno-common -pipe conftest.c  -L. -L/Users/oogomx_1707/.rvm/rubies/ruby-1.9.3-head/lib -L/usr/local/opt/libyaml/lib -L. -L/usr/local/opt/readline/lib -L/usr/local/opt/libxml2/lib -L/usr/local/opt/libxslt/lib -L/usr/local/opt/libksba/lib -L/usr/local/opt/openssl/lib -L/usr/local/opt/sqlite/lib -L/usr/local/opt/libyaml/lib      -lruby.1.9.1  -lpthread -ldl -lobjc "
checked program was:
/* begin */
1: #include "ruby.h"
2: 
3: int main(int argc, char **argv)
4: {
5:   return 0;
6: }
/* end */

"/usr/local/bin/gcc-4.2 -E -I/Users/oogomx_1707/.rvm/rubies/ruby-1.9.3-head/include/ruby-1.9.1/x86_64-darwin11.4.2 -I/Users/oogomx_1707/.rvm/rubies/ruby-1.9.3-head/include/ruby-1.9.1/ruby/backward -I/Users/oogomx_1707/.rvm/rubies/ruby-1.9.3-head/include/ruby-1.9.1 -I. -D_XOPEN_SOURCE -D_DARWIN_C_SOURCE   -I/usr/local/opt/libyaml/include -O3 -I/usr/local/opt/readline/include -I/usr/local/opt/libxml2/include -I/usr/local/opt/libxslt/include -I/usr/local/opt/libksba/include -I/usr/local/opt/openssl/include -I/usr/local/opt/sqlite/include -fno-common -pipe  conftest.c -o conftest.i"
checked program was:
/* begin */
1: #include "ruby.h"
2: 
3: #include <sqlite3.h>
/* end */

--------------------

find_library: checking for sqlite3_libversion_number() in -lsqlite3... -------------------- yes

"/usr/local/bin/gcc-4.2 -o conftest -I/Users/oogomx_1707/.rvm/rubies/ruby-1.9.3-head/include/ruby-1.9.1/x86_64-darwin11.4.2 -I/Users/oogomx_1707/.rvm/rubies/ruby-1.9.3-head/include/ruby-1.9.1/ruby/backward -I/Users/oogomx_1707/.rvm/rubies/ruby-1.9.3-head/include/ruby-1.9.1 -I. -D_XOPEN_SOURCE -D_DARWIN_C_SOURCE   -I/usr/local/opt/libyaml/include -O3 -I/usr/local/opt/readline/include -I/usr/local/opt/libxml2/include -I/usr/local/opt/libxslt/include -I/usr/local/opt/libksba/include -I/usr/local/opt/openssl/include -I/usr/local/opt/sqlite/include -fno-common -pipe conftest.c  -L. -L/Users/oogomx_1707/.rvm/rubies/ruby-1.9.3-head/lib -L/usr/local/opt/libyaml/lib -L. -L/usr/local/opt/readline/lib -L/usr/local/opt/libxml2/lib -L/usr/local/opt/libxslt/lib -L/usr/local/opt/libksba/lib -L/usr/local/opt/openssl/lib -L/usr/local/opt/sqlite/lib -L/usr/local/opt/libyaml/lib      -lruby.1.9.1 -lsqlite3  -lpthread -ldl -lobjc "
conftest.c: In function ‘t’:
conftest.c:4: error: ‘sqlite3_libversion_number’ undeclared (first use in this function)
conftest.c:4: error: (Each undeclared identifier is reported only once
conftest.c:4: error: for each function it appears in.)
checked program was:
/* begin */
 1: #include "ruby.h"
 2: 
 3: /*top*/
 4: int t() { void ((*volatile p)()); p = (void ((*)()))sqlite3_libversion_number; return 0; }
 5: int main(int argc, char **argv)
 6: {
 7:   if (argc > 1000000) {
 8:     printf("%p", &t);
 9:   }
10: 
11:   return 0;
12: }
/* end */

"/usr/local/bin/gcc-4.2 -o conftest -I/Users/oogomx_1707/.rvm/rubies/ruby-1.9.3-head/include/ruby-1.9.1/x86_64-darwin11.4.2 -I/Users/oogomx_1707/.rvm/rubies/ruby-1.9.3-head/include/ruby-1.9.1/ruby/backward -I/Users/oogomx_1707/.rvm/rubies/ruby-1.9.3-head/include/ruby-1.9.1 -I. -D_XOPEN_SOURCE -D_DARWIN_C_SOURCE   -I/usr/local/opt/libyaml/include -O3 -I/usr/local/opt/readline/include -I/usr/local/opt/libxml2/include -I/usr/local/opt/libxslt/include -I/usr/local/opt/libksba/include -I/usr/local/opt/openssl/include -I/usr/local/opt/sqlite/include -fno-common -pipe conftest.c  -L. -L/Users/oogomx_1707/.rvm/rubies/ruby-1.9.3-head/lib -L/usr/local/opt/libyaml/lib -L. -L/usr/local/opt/readline/lib -L/usr/local/opt/libxml2/lib -L/usr/local/opt/libxslt/lib -L/usr/local/opt/libksba/lib -L/usr/local/opt/openssl/lib -L/usr/local/opt/sqlite/lib -L/usr/local/opt/libyaml/lib      -lruby.1.9.1 -lsqlite3  -lpthread -ldl -lobjc "
checked program was:
/* begin */
 1: #include "ruby.h"
 2: 
 3: /*top*/
 4: int t() { sqlite3_libversion_number(); return 0; }
 5: int main(int argc, char **argv)
 6: {
 7:   if (argc > 1000000) {
 8:     printf("%p", &t);
 9:   }
10: 
11:   return 0;
12: }
/* end */

--------------------

have_func: checking for rb_proc_arity()... -------------------- yes

"/usr/local/bin/gcc-4.2 -o conftest -I/Users/oogomx_1707/.rvm/rubies/ruby-1.9.3-head/include/ruby-1.9.1/x86_64-darwin11.4.2 -I/Users/oogomx_1707/.rvm/rubies/ruby-1.9.3-head/include/ruby-1.9.1/ruby/backward -I/Users/oogomx_1707/.rvm/rubies/ruby-1.9.3-head/include/ruby-1.9.1 -I. -D_XOPEN_SOURCE -D_DARWIN_C_SOURCE   -I/usr/local/opt/libyaml/include -O3 -I/usr/local/opt/readline/include -I/usr/local/opt/libxml2/include -I/usr/local/opt/libxslt/include -I/usr/local/opt/libksba/include -I/usr/local/opt/openssl/include -I/usr/local/opt/sqlite/include -fno-common -pipe conftest.c  -L. -L/Users/oogomx_1707/.rvm/rubies/ruby-1.9.3-head/lib -L/usr/local/opt/libyaml/lib -L. -L/usr/local/opt/readline/lib -L/usr/local/opt/libxml2/lib -L/usr/local/opt/libxslt/lib -L/usr/local/opt/libksba/lib -L/usr/local/opt/openssl/lib -L/usr/local/opt/sqlite/lib -L/usr/local/opt/libyaml/lib     -lsqlite3  -lruby.1.9.1 -lsqlite3  -lpthread -ldl -lobjc "
checked program was:
/* begin */
 1: #include "ruby.h"
 2: 
 3: /*top*/
 4: int t() { void ((*volatile p)()); p = (void ((*)()))rb_proc_arity; return 0; }
 5: int main(int argc, char **argv)
 6: {
 7:   if (argc > 1000000) {
 8:     printf("%p", &t);
 9:   }
10: 
11:   return 0;
12: }
/* end */

--------------------

have_func: checking for sqlite3_initialize()... -------------------- yes

"/usr/local/bin/gcc-4.2 -o conftest -I/Users/oogomx_1707/.rvm/rubies/ruby-1.9.3-head/include/ruby-1.9.1/x86_64-darwin11.4.2 -I/Users/oogomx_1707/.rvm/rubies/ruby-1.9.3-head/include/ruby-1.9.1/ruby/backward -I/Users/oogomx_1707/.rvm/rubies/ruby-1.9.3-head/include/ruby-1.9.1 -I. -D_XOPEN_SOURCE -D_DARWIN_C_SOURCE   -I/usr/local/opt/libyaml/include -O3 -I/usr/local/opt/readline/include -I/usr/local/opt/libxml2/include -I/usr/local/opt/libxslt/include -I/usr/local/opt/libksba/include -I/usr/local/opt/openssl/include -I/usr/local/opt/sqlite/include -fno-common -pipe conftest.c  -L. -L/Users/oogomx_1707/.rvm/rubies/ruby-1.9.3-head/lib -L/usr/local/opt/libyaml/lib -L. -L/usr/local/opt/readline/lib -L/usr/local/opt/libxml2/lib -L/usr/local/opt/libxslt/lib -L/usr/local/opt/libksba/lib -L/usr/local/opt/openssl/lib -L/usr/local/opt/sqlite/lib -L/usr/local/opt/libyaml/lib     -lsqlite3  -lruby.1.9.1 -lsqlite3  -lpthread -ldl -lobjc "
conftest.c: In function ‘t’:
conftest.c:4: error: ‘sqlite3_initialize’ undeclared (first use in this function)
conftest.c:4: error: (Each undeclared identifier is reported only once
conftest.c:4: error: for each function it appears in.)
checked program was:
/* begin */
 1: #include "ruby.h"
 2: 
 3: /*top*/
 4: int t() { void ((*volatile p)()); p = (void ((*)()))sqlite3_initialize; return 0; }
 5: int main(int argc, char **argv)
 6: {
 7:   if (argc > 1000000) {
 8:     printf("%p", &t);
 9:   }
10: 
11:   return 0;
12: }
/* end */

"/usr/local/bin/gcc-4.2 -o conftest -I/Users/oogomx_1707/.rvm/rubies/ruby-1.9.3-head/include/ruby-1.9.1/x86_64-darwin11.4.2 -I/Users/oogomx_1707/.rvm/rubies/ruby-1.9.3-head/include/ruby-1.9.1/ruby/backward -I/Users/oogomx_1707/.rvm/rubies/ruby-1.9.3-head/include/ruby-1.9.1 -I. -D_XOPEN_SOURCE -D_DARWIN_C_SOURCE   -I/usr/local/opt/libyaml/include -O3 -I/usr/local/opt/readline/include -I/usr/local/opt/libxml2/include -I/usr/local/opt/libxslt/include -I/usr/local/opt/libksba/include -I/usr/local/opt/openssl/include -I/usr/local/opt/sqlite/include -fno-common -pipe conftest.c  -L. -L/Users/oogomx_1707/.rvm/rubies/ruby-1.9.3-head/lib -L/usr/local/opt/libyaml/lib -L. -L/usr/local/opt/readline/lib -L/usr/local/opt/libxml2/lib -L/usr/local/opt/libxslt/lib -L/usr/local/opt/libksba/lib -L/usr/local/opt/openssl/lib -L/usr/local/opt/sqlite/lib -L/usr/local/opt/libyaml/lib     -lsqlite3  -lruby.1.9.1 -lsqlite3  -lpthread -ldl -lobjc "
checked program was:
/* begin */
 1: #include "ruby.h"
 2: 
 3: /*top*/
 4: int t() { sqlite3_initialize(); return 0; }
 5: int main(int argc, char **argv)
 6: {
 7:   if (argc > 1000000) {
 8:     printf("%p", &t);
 9:   }
10: 
11:   return 0;
12: }
/* end */

--------------------

have_func: checking for sqlite3_backup_init()... -------------------- yes

"/usr/local/bin/gcc-4.2 -o conftest -I/Users/oogomx_1707/.rvm/rubies/ruby-1.9.3-head/include/ruby-1.9.1/x86_64-darwin11.4.2 -I/Users/oogomx_1707/.rvm/rubies/ruby-1.9.3-head/include/ruby-1.9.1/ruby/backward -I/Users/oogomx_1707/.rvm/rubies/ruby-1.9.3-head/include/ruby-1.9.1 -I. -D_XOPEN_SOURCE -D_DARWIN_C_SOURCE   -I/usr/local/opt/libyaml/include -O3 -I/usr/local/opt/readline/include -I/usr/local/opt/libxml2/include -I/usr/local/opt/libxslt/include -I/usr/local/opt/libksba/include -I/usr/local/opt/openssl/include -I/usr/local/opt/sqlite/include -fno-common -pipe conftest.c  -L. -L/Users/oogomx_1707/.rvm/rubies/ruby-1.9.3-head/lib -L/usr/local/opt/libyaml/lib -L. -L/usr/local/opt/readline/lib -L/usr/local/opt/libxml2/lib -L/usr/local/opt/libxslt/lib -L/usr/local/opt/libksba/lib -L/usr/local/opt/openssl/lib -L/usr/local/opt/sqlite/lib -L/usr/local/opt/libyaml/lib     -lsqlite3  -lruby.1.9.1 -lsqlite3  -lpthread -ldl -lobjc "
conftest.c: In function ‘t’:
conftest.c:4: error: ‘sqlite3_backup_init’ undeclared (first use in this function)
conftest.c:4: error: (Each undeclared identifier is reported only once
conftest.c:4: error: for each function it appears in.)
checked program was:
/* begin */
 1: #include "ruby.h"
 2: 
 3: /*top*/
 4: int t() { void ((*volatile p)()); p = (void ((*)()))sqlite3_backup_init; return 0; }
 5: int main(int argc, char **argv)
 6: {
 7:   if (argc > 1000000) {
 8:     printf("%p", &t);
 9:   }
10: 
11:   return 0;
12: }
/* end */

"/usr/local/bin/gcc-4.2 -o conftest -I/Users/oogomx_1707/.rvm/rubies/ruby-1.9.3-head/include/ruby-1.9.1/x86_64-darwin11.4.2 -I/Users/oogomx_1707/.rvm/rubies/ruby-1.9.3-head/include/ruby-1.9.1/ruby/backward -I/Users/oogomx_1707/.rvm/rubies/ruby-1.9.3-head/include/ruby-1.9.1 -I. -D_XOPEN_SOURCE -D_DARWIN_C_SOURCE   -I/usr/local/opt/libyaml/include -O3 -I/usr/local/opt/readline/include -I/usr/local/opt/libxml2/include -I/usr/local/opt/libxslt/include -I/usr/local/opt/libksba/include -I/usr/local/opt/openssl/include -I/usr/local/opt/sqlite/include -fno-common -pipe conftest.c  -L. -L/Users/oogomx_1707/.rvm/rubies/ruby-1.9.3-head/lib -L/usr/local/opt/libyaml/lib -L. -L/usr/local/opt/readline/lib -L/usr/local/opt/libxml2/lib -L/usr/local/opt/libxslt/lib -L/usr/local/opt/libksba/lib -L/usr/local/opt/openssl/lib -L/usr/local/opt/sqlite/lib -L/usr/local/opt/libyaml/lib     -lsqlite3  -lruby.1.9.1 -lsqlite3  -lpthread -ldl -lobjc "
checked program was:
/* begin */
 1: #include "ruby.h"
 2: 
 3: /*top*/
 4: int t() { sqlite3_backup_init(); return 0; }
 5: int main(int argc, char **argv)
 6: {
 7:   if (argc > 1000000) {
 8:     printf("%p", &t);
 9:   }
10: 
11:   return 0;
12: }
/* end */

--------------------

have_func: checking for sqlite3_column_database_name()... -------------------- yes

"/usr/local/bin/gcc-4.2 -o conftest -I/Users/oogomx_1707/.rvm/rubies/ruby-1.9.3-head/include/ruby-1.9.1/x86_64-darwin11.4.2 -I/Users/oogomx_1707/.rvm/rubies/ruby-1.9.3-head/include/ruby-1.9.1/ruby/backward -I/Users/oogomx_1707/.rvm/rubies/ruby-1.9.3-head/include/ruby-1.9.1 -I. -D_XOPEN_SOURCE -D_DARWIN_C_SOURCE   -I/usr/local/opt/libyaml/include -O3 -I/usr/local/opt/readline/include -I/usr/local/opt/libxml2/include -I/usr/local/opt/libxslt/include -I/usr/local/opt/libksba/include -I/usr/local/opt/openssl/include -I/usr/local/opt/sqlite/include -fno-common -pipe conftest.c  -L. -L/Users/oogomx_1707/.rvm/rubies/ruby-1.9.3-head/lib -L/usr/local/opt/libyaml/lib -L. -L/usr/local/opt/readline/lib -L/usr/local/opt/libxml2/lib -L/usr/local/opt/libxslt/lib -L/usr/local/opt/libksba/lib -L/usr/local/opt/openssl/lib -L/usr/local/opt/sqlite/lib -L/usr/local/opt/libyaml/lib     -lsqlite3  -lruby.1.9.1 -lsqlite3  -lpthread -ldl -lobjc "
conftest.c: In function ‘t’:
conftest.c:4: error: ‘sqlite3_column_database_name’ undeclared (first use in this function)
conftest.c:4: error: (Each undeclared identifier is reported only once
conftest.c:4: error: for each function it appears in.)
checked program was:
/* begin */
 1: #include "ruby.h"
 2: 
 3: /*top*/
 4: int t() { void ((*volatile p)()); p = (void ((*)()))sqlite3_column_database_name; return 0; }
 5: int main(int argc, char **argv)
 6: {
 7:   if (argc > 1000000) {
 8:     printf("%p", &t);
 9:   }
10: 
11:   return 0;
12: }
/* end */

"/usr/local/bin/gcc-4.2 -o conftest -I/Users/oogomx_1707/.rvm/rubies/ruby-1.9.3-head/include/ruby-1.9.1/x86_64-darwin11.4.2 -I/Users/oogomx_1707/.rvm/rubies/ruby-1.9.3-head/include/ruby-1.9.1/ruby/backward -I/Users/oogomx_1707/.rvm/rubies/ruby-1.9.3-head/include/ruby-1.9.1 -I. -D_XOPEN_SOURCE -D_DARWIN_C_SOURCE   -I/usr/local/opt/libyaml/include -O3 -I/usr/local/opt/readline/include -I/usr/local/opt/libxml2/include -I/usr/local/opt/libxslt/include -I/usr/local/opt/libksba/include -I/usr/local/opt/openssl/include -I/usr/local/opt/sqlite/include -fno-common -pipe conftest.c  -L. -L/Users/oogomx_1707/.rvm/rubies/ruby-1.9.3-head/lib -L/usr/local/opt/libyaml/lib -L. -L/usr/local/opt/readline/lib -L/usr/local/opt/libxml2/lib -L/usr/local/opt/libxslt/lib -L/usr/local/opt/libksba/lib -L/usr/local/opt/openssl/lib -L/usr/local/opt/sqlite/lib -L/usr/local/opt/libyaml/lib     -lsqlite3  -lruby.1.9.1 -lsqlite3  -lpthread -ldl -lobjc "
checked program was:
/* begin */
 1: #include "ruby.h"
 2: 
 3: /*top*/
 4: int t() { sqlite3_column_database_name(); return 0; }
 5: int main(int argc, char **argv)
 6: {
 7:   if (argc > 1000000) {
 8:     printf("%p", &t);
 9:   }
10: 
11:   return 0;
12: }
/* end */

--------------------

have_func: checking for sqlite3_enable_load_extension()... -------------------- yes

"/usr/local/bin/gcc-4.2 -o conftest -I/Users/oogomx_1707/.rvm/rubies/ruby-1.9.3-head/include/ruby-1.9.1/x86_64-darwin11.4.2 -I/Users/oogomx_1707/.rvm/rubies/ruby-1.9.3-head/include/ruby-1.9.1/ruby/backward -I/Users/oogomx_1707/.rvm/rubies/ruby-1.9.3-head/include/ruby-1.9.1 -I. -D_XOPEN_SOURCE -D_DARWIN_C_SOURCE   -I/usr/local/opt/libyaml/include -O3 -I/usr/local/opt/readline/include -I/usr/local/opt/libxml2/include -I/usr/local/opt/libxslt/include -I/usr/local/opt/libksba/include -I/usr/local/opt/openssl/include -I/usr/local/opt/sqlite/include -fno-common -pipe conftest.c  -L. -L/Users/oogomx_1707/.rvm/rubies/ruby-1.9.3-head/lib -L/usr/local/opt/libyaml/lib -L. -L/usr/local/opt/readline/lib -L/usr/local/opt/libxml2/lib -L/usr/local/opt/libxslt/lib -L/usr/local/opt/libksba/lib -L/usr/local/opt/openssl/lib -L/usr/local/opt/sqlite/lib -L/usr/local/opt/libyaml/lib     -lsqlite3  -lruby.1.9.1 -lsqlite3  -lpthread -ldl -lobjc "
conftest.c: In function ‘t’:
conftest.c:4: error: ‘sqlite3_enable_load_extension’ undeclared (first use in this function)
conftest.c:4: error: (Each undeclared identifier is reported only once
conftest.c:4: error: for each function it appears in.)
checked program was:
/* begin */
 1: #include "ruby.h"
 2: 
 3: /*top*/
 4: int t() { void ((*volatile p)()); p = (void ((*)()))sqlite3_enable_load_extension; return 0; }
 5: int main(int argc, char **argv)
 6: {
 7:   if (argc > 1000000) {
 8:     printf("%p", &t);
 9:   }
10: 
11:   return 0;
12: }
/* end */

"/usr/local/bin/gcc-4.2 -o conftest -I/Users/oogomx_1707/.rvm/rubies/ruby-1.9.3-head/include/ruby-1.9.1/x86_64-darwin11.4.2 -I/Users/oogomx_1707/.rvm/rubies/ruby-1.9.3-head/include/ruby-1.9.1/ruby/backward -I/Users/oogomx_1707/.rvm/rubies/ruby-1.9.3-head/include/ruby-1.9.1 -I. -D_XOPEN_SOURCE -D_DARWIN_C_SOURCE   -I/usr/local/opt/libyaml/include -O3 -I/usr/local/opt/readline/include -I/usr/local/opt/libxml2/include -I/usr/local/opt/libxslt/include -I/usr/local/opt/libksba/include -I/usr/local/opt/openssl/include -I/usr/local/opt/sqlite/include -fno-common -pipe conftest.c  -L. -L/Users/oogomx_1707/.rvm/rubies/ruby-1.9.3-head/lib -L/usr/local/opt/libyaml/lib -L. -L/usr/local/opt/readline/lib -L/usr/local/opt/libxml2/lib -L/usr/local/opt/libxslt/lib -L/usr/local/opt/libksba/lib -L/usr/local/opt/openssl/lib -L/usr/local/opt/sqlite/lib -L/usr/local/opt/libyaml/lib     -lsqlite3  -lruby.1.9.1 -lsqlite3  -lpthread -ldl -lobjc "
checked program was:
/* begin */
 1: #include "ruby.h"
 2: 
 3: /*top*/
 4: int t() { sqlite3_enable_load_extension(); return 0; }
 5: int main(int argc, char **argv)
 6: {
 7:   if (argc > 1000000) {
 8:     printf("%p", &t);
 9:   }
10: 
11:   return 0;
12: }
/* end */

--------------------

have_func: checking for sqlite3_load_extension()... -------------------- yes

"/usr/local/bin/gcc-4.2 -o conftest -I/Users/oogomx_1707/.rvm/rubies/ruby-1.9.3-head/include/ruby-1.9.1/x86_64-darwin11.4.2 -I/Users/oogomx_1707/.rvm/rubies/ruby-1.9.3-head/include/ruby-1.9.1/ruby/backward -I/Users/oogomx_1707/.rvm/rubies/ruby-1.9.3-head/include/ruby-1.9.1 -I. -D_XOPEN_SOURCE -D_DARWIN_C_SOURCE   -I/usr/local/opt/libyaml/include -O3 -I/usr/local/opt/readline/include -I/usr/local/opt/libxml2/include -I/usr/local/opt/libxslt/include -I/usr/local/opt/libksba/include -I/usr/local/opt/openssl/include -I/usr/local/opt/sqlite/include -fno-common -pipe conftest.c  -L. -L/Users/oogomx_1707/.rvm/rubies/ruby-1.9.3-head/lib -L/usr/local/opt/libyaml/lib -L. -L/usr/local/opt/readline/lib -L/usr/local/opt/libxml2/lib -L/usr/local/opt/libxslt/lib -L/usr/local/opt/libksba/lib -L/usr/local/opt/openssl/lib -L/usr/local/opt/sqlite/lib -L/usr/local/opt/libyaml/lib     -lsqlite3  -lruby.1.9.1 -lsqlite3  -lpthread -ldl -lobjc "
conftest.c: In function ‘t’:
conftest.c:4: error: ‘sqlite3_load_extension’ undeclared (first use in this function)
conftest.c:4: error: (Each undeclared identifier is reported only once
conftest.c:4: error: for each function it appears in.)
checked program was:
/* begin */
 1: #include "ruby.h"
 2: 
 3: /*top*/
 4: int t() { void ((*volatile p)()); p = (void ((*)()))sqlite3_load_extension; return 0; }
 5: int main(int argc, char **argv)
 6: {
 7:   if (argc > 1000000) {
 8:     printf("%p", &t);
 9:   }
10: 
11:   return 0;
12: }
/* end */

"/usr/local/bin/gcc-4.2 -o conftest -I/Users/oogomx_1707/.rvm/rubies/ruby-1.9.3-head/include/ruby-1.9.1/x86_64-darwin11.4.2 -I/Users/oogomx_1707/.rvm/rubies/ruby-1.9.3-head/include/ruby-1.9.1/ruby/backward -I/Users/oogomx_1707/.rvm/rubies/ruby-1.9.3-head/include/ruby-1.9.1 -I. -D_XOPEN_SOURCE -D_DARWIN_C_SOURCE   -I/usr/local/opt/libyaml/include -O3 -I/usr/local/opt/readline/include -I/usr/local/opt/libxml2/include -I/usr/local/opt/libxslt/include -I/usr/local/opt/libksba/include -I/usr/local/opt/openssl/include -I/usr/local/opt/sqlite/include -fno-common -pipe conftest.c  -L. -L/Users/oogomx_1707/.rvm/rubies/ruby-1.9.3-head/lib -L/usr/local/opt/libyaml/lib -L. -L/usr/local/opt/readline/lib -L/usr/local/opt/libxml2/lib -L/usr/local/opt/libxslt/lib -L/usr/local/opt/libksba/lib -L/usr/local/opt/openssl/lib -L/usr/local/opt/sqlite/lib -L/usr/local/opt/libyaml/lib     -lsqlite3  -lruby.1.9.1 -lsqlite3  -lpthread -ldl -lobjc "
checked program was:
/* begin */
 1: #include "ruby.h"
 2: 
 3: /*top*/
 4: int t() { sqlite3_load_extension(); return 0; }
 5: int main(int argc, char **argv)
 6: {
 7:   if (argc > 1000000) {
 8:     printf("%p", &t);
 9:   }
10: 
11:   return 0;
12: }
/* end */

--------------------

have_func: checking for sqlite3_open_v2()... -------------------- yes

"/usr/local/bin/gcc-4.2 -o conftest -I/Users/oogomx_1707/.rvm/rubies/ruby-1.9.3-head/include/ruby-1.9.1/x86_64-darwin11.4.2 -I/Users/oogomx_1707/.rvm/rubies/ruby-1.9.3-head/include/ruby-1.9.1/ruby/backward -I/Users/oogomx_1707/.rvm/rubies/ruby-1.9.3-head/include/ruby-1.9.1 -I. -D_XOPEN_SOURCE -D_DARWIN_C_SOURCE   -I/usr/local/opt/libyaml/include -O3 -I/usr/local/opt/readline/include -I/usr/local/opt/libxml2/include -I/usr/local/opt/libxslt/include -I/usr/local/opt/libksba/include -I/usr/local/opt/openssl/include -I/usr/local/opt/sqlite/include -fno-common -pipe conftest.c  -L. -L/Users/oogomx_1707/.rvm/rubies/ruby-1.9.3-head/lib -L/usr/local/opt/libyaml/lib -L. -L/usr/local/opt/readline/lib -L/usr/local/opt/libxml2/lib -L/usr/local/opt/libxslt/lib -L/usr/local/opt/libksba/lib -L/usr/local/opt/openssl/lib -L/usr/local/opt/sqlite/lib -L/usr/local/opt/libyaml/lib     -lsqlite3  -lruby.1.9.1 -lsqlite3  -lpthread -ldl -lobjc "
conftest.c: In function ‘t’:
conftest.c:4: error: ‘sqlite3_open_v2’ undeclared (first use in this function)
conftest.c:4: error: (Each undeclared identifier is reported only once
conftest.c:4: error: for each function it appears in.)
checked program was:
/* begin */
 1: #include "ruby.h"
 2: 
 3: /*top*/
 4: int t() { void ((*volatile p)()); p = (void ((*)()))sqlite3_open_v2; return 0; }
 5: int main(int argc, char **argv)
 6: {
 7:   if (argc > 1000000) {
 8:     printf("%p", &t);
 9:   }
10: 
11:   return 0;
12: }
/* end */

"/usr/local/bin/gcc-4.2 -o conftest -I/Users/oogomx_1707/.rvm/rubies/ruby-1.9.3-head/include/ruby-1.9.1/x86_64-darwin11.4.2 -I/Users/oogomx_1707/.rvm/rubies/ruby-1.9.3-head/include/ruby-1.9.1/ruby/backward -I/Users/oogomx_1707/.rvm/rubies/ruby-1.9.3-head/include/ruby-1.9.1 -I. -D_XOPEN_SOURCE -D_DARWIN_C_SOURCE   -I/usr/local/opt/libyaml/include -O3 -I/usr/local/opt/readline/include -I/usr/local/opt/libxml2/include -I/usr/local/opt/libxslt/include -I/usr/local/opt/libksba/include -I/usr/local/opt/openssl/include -I/usr/local/opt/sqlite/include -fno-common -pipe conftest.c  -L. -L/Users/oogomx_1707/.rvm/rubies/ruby-1.9.3-head/lib -L/usr/local/opt/libyaml/lib -L. -L/usr/local/opt/readline/lib -L/usr/local/opt/libxml2/lib -L/usr/local/opt/libxslt/lib -L/usr/local/opt/libksba/lib -L/usr/local/opt/openssl/lib -L/usr/local/opt/sqlite/lib -L/usr/local/opt/libyaml/lib     -lsqlite3  -lruby.1.9.1 -lsqlite3  -lpthread -ldl -lobjc "
checked program was:
/* begin */
 1: #include "ruby.h"
 2: 
 3: /*top*/
 4: int t() { sqlite3_open_v2(); return 0; }
 5: int main(int argc, char **argv)
 6: {
 7:   if (argc > 1000000) {
 8:     printf("%p", &t);
 9:   }
10: 
11:   return 0;
12: }
/* end */

--------------------

have_func: checking for sqlite3_prepare_v2()... -------------------- yes

"/usr/local/bin/gcc-4.2 -o conftest -I/Users/oogomx_1707/.rvm/rubies/ruby-1.9.3-head/include/ruby-1.9.1/x86_64-darwin11.4.2 -I/Users/oogomx_1707/.rvm/rubies/ruby-1.9.3-head/include/ruby-1.9.1/ruby/backward -I/Users/oogomx_1707/.rvm/rubies/ruby-1.9.3-head/include/ruby-1.9.1 -I. -D_XOPEN_SOURCE -D_DARWIN_C_SOURCE   -I/usr/local/opt/libyaml/include -O3 -I/usr/local/opt/readline/include -I/usr/local/opt/libxml2/include -I/usr/local/opt/libxslt/include -I/usr/local/opt/libksba/include -I/usr/local/opt/openssl/include -I/usr/local/opt/sqlite/include -fno-common -pipe conftest.c  -L. -L/Users/oogomx_1707/.rvm/rubies/ruby-1.9.3-head/lib -L/usr/local/opt/libyaml/lib -L. -L/usr/local/opt/readline/lib -L/usr/local/opt/libxml2/lib -L/usr/local/opt/libxslt/lib -L/usr/local/opt/libksba/lib -L/usr/local/opt/openssl/lib -L/usr/local/opt/sqlite/lib -L/usr/local/opt/libyaml/lib     -lsqlite3  -lruby.1.9.1 -lsqlite3  -lpthread -ldl -lobjc "
conftest.c: In function ‘t’:
conftest.c:4: error: ‘sqlite3_prepare_v2’ undeclared (first use in this function)
conftest.c:4: error: (Each undeclared identifier is reported only once
conftest.c:4: error: for each function it appears in.)
checked program was:
/* begin */
 1: #include "ruby.h"
 2: 
 3: /*top*/
 4: int t() { void ((*volatile p)()); p = (void ((*)()))sqlite3_prepare_v2; return 0; }
 5: int main(int argc, char **argv)
 6: {
 7:   if (argc > 1000000) {
 8:     printf("%p", &t);
 9:   }
10: 
11:   return 0;
12: }
/* end */

"/usr/local/bin/gcc-4.2 -o conftest -I/Users/oogomx_1707/.rvm/rubies/ruby-1.9.3-head/include/ruby-1.9.1/x86_64-darwin11.4.2 -I/Users/oogomx_1707/.rvm/rubies/ruby-1.9.3-head/include/ruby-1.9.1/ruby/backward -I/Users/oogomx_1707/.rvm/rubies/ruby-1.9.3-head/include/ruby-1.9.1 -I. -D_XOPEN_SOURCE -D_DARWIN_C_SOURCE   -I/usr/local/opt/libyaml/include -O3 -I/usr/local/opt/readline/include -I/usr/local/opt/libxml2/include -I/usr/local/opt/libxslt/include -I/usr/local/opt/libksba/include -I/usr/local/opt/openssl/include -I/usr/local/opt/sqlite/include -fno-common -pipe conftest.c  -L. -L/Users/oogomx_1707/.rvm/rubies/ruby-1.9.3-head/lib -L/usr/local/opt/libyaml/lib -L. -L/usr/local/opt/readline/lib -L/usr/local/opt/libxml2/lib -L/usr/local/opt/libxslt/lib -L/usr/local/opt/libksba/lib -L/usr/local/opt/openssl/lib -L/usr/local/opt/sqlite/lib -L/usr/local/opt/libyaml/lib     -lsqlite3  -lruby.1.9.1 -lsqlite3  -lpthread -ldl -lobjc "
checked program was:
/* begin */
 1: #include "ruby.h"
 2: 
 3: /*top*/
 4: int t() { sqlite3_prepare_v2(); return 0; }
 5: int main(int argc, char **argv)
 6: {
 7:   if (argc > 1000000) {
 8:     printf("%p", &t);
 9:   }
10: 
11:   return 0;
12: }
/* end */

--------------------

have_type: checking for sqlite3_int64 in sqlite3.h... -------------------- yes

"/usr/local/bin/gcc-4.2 -I/Users/oogomx_1707/.rvm/rubies/ruby-1.9.3-head/include/ruby-1.9.1/x86_64-darwin11.4.2 -I/Users/oogomx_1707/.rvm/rubies/ruby-1.9.3-head/include/ruby-1.9.1/ruby/backward -I/Users/oogomx_1707/.rvm/rubies/ruby-1.9.3-head/include/ruby-1.9.1 -I. -D_XOPEN_SOURCE -D_DARWIN_C_SOURCE   -I/usr/local/opt/libyaml/include -O3 -I/usr/local/opt/readline/include -I/usr/local/opt/libxml2/include -I/usr/local/opt/libxslt/include -I/usr/local/opt/libksba/include -I/usr/local/opt/openssl/include -I/usr/local/opt/sqlite/include -fno-common -pipe   -c conftest.c"
checked program was:
/* begin */
1: #include "ruby.h"
2: 
3: #include <sqlite3.h>
4: 
5: /*top*/
6: typedef sqlite3_int64 conftest_type;
7: int conftestval[sizeof(conftest_type)?1:-1];
/* end */

--------------------

have_type: checking for sqlite3_uint64 in sqlite3.h... -------------------- yes

"/usr/local/bin/gcc-4.2 -I/Users/oogomx_1707/.rvm/rubies/ruby-1.9.3-head/include/ruby-1.9.1/x86_64-darwin11.4.2 -I/Users/oogomx_1707/.rvm/rubies/ruby-1.9.3-head/include/ruby-1.9.1/ruby/backward -I/Users/oogomx_1707/.rvm/rubies/ruby-1.9.3-head/include/ruby-1.9.1 -I. -D_XOPEN_SOURCE -D_DARWIN_C_SOURCE   -I/usr/local/opt/libyaml/include -O3 -I/usr/local/opt/readline/include -I/usr/local/opt/libxml2/include -I/usr/local/opt/libxslt/include -I/usr/local/opt/libksba/include -I/usr/local/opt/openssl/include -I/usr/local/opt/sqlite/include -fno-common -pipe   -c conftest.c"
checked program was:
/* begin */
1: #include "ruby.h"
2: 
3: #include <sqlite3.h>
4: 
5: /*top*/
6: typedef sqlite3_uint64 conftest_type;
7: int conftestval[sizeof(conftest_type)?1:-1];
/* end */

--------------------

